584123803070:ENCOLADO ans_036568ce-a720-4f5a-9000-4212936a93b2
EJECUTANDO:ans_036568ce-a720-4f5a-9000-4212936a93b2
584123803070:SUCCESS
584123803070:ENCOLADO ans_9f4545d1-270f-4f6c-be1a-599c0de2c313
EJECUTANDO:ans_9f4545d1-270f-4f6c-be1a-599c0de2c313
584123803070:SUCCESS
584123803070:ENCOLADO ans_036568ce-a720-4f5a-9000-4212936a93b2
EJECUTANDO:ans_036568ce-a720-4f5a-9000-4212936a93b2
584123803070:SUCCESS
584123803070:ENCOLADO ans_9f4545d1-270f-4f6c-be1a-599c0de2c313
EJECUTANDO:ans_9f4545d1-270f-4f6c-be1a-599c0de2c313
584123803070:SUCCESS
584123803070:ENCOLADO ans_036568ce-a720-4f5a-9000-4212936a93b2
EJECUTANDO:ans_036568ce-a720-4f5a-9000-4212936a93b2
584123803070:SUCCESS
584123803070:ENCOLADO ans_9f4545d1-270f-4f6c-be1a-599c0de2c313
EJECUTANDO:ans_9f4545d1-270f-4f6c-be1a-599c0de2c313
584123803070:SUCCESS
584123803070:ENCOLADO ans_efc78df4-4a90-4c97-bddf-c54f8868ce14
EJECUTANDO:ans_efc78df4-4a90-4c97-bddf-c54f8868ce14
584123803070:SUCCESS
584123803070:ENCOLADO ans_f44cf4e3-c70c-4c8b-9361-da54905bdd6b
EJECUTANDO:ans_f44cf4e3-c70c-4c8b-9361-da54905bdd6b
584123803070:SUCCESS
